<?xml version="1.0" encoding="UTF-8"?>
<testng-results ignored="0" total="4" passed="2" failed="2" skipped="0">
  <reporter-output>
  </reporter-output>
  <suite started-at="2023-11-06T16:20:07 ICT" name="All Test Suite" finished-at="2023-11-06T16:20:24 ICT" duration-ms="17495">
    <groups>
    </groups>
    <test started-at="2023-11-06T16:20:07 ICT" name="test for a admin" finished-at="2023-11-06T16:20:17 ICT" duration-ms="9883">
      <class name="com.fnb.web.admin.tests.login.LoginScenarioTest">
        <test-method is-config="true" signature="initTestSetup(java.lang.String)[pri:0, instance:com.fnb.web.admin.tests.login.LoginScenarioTest@1e802ef9]" started-at="2023-11-06T16:20:07 ICT" name="initTestSetup" finished-at="2023-11-06T16:20:14 ICT" duration-ms="7103" status="PASS">
          <params>
            <param index="0">
              <value>
                <![CDATA[admin]]>
              </value>
            </param>
          </params>
          <reporter-output>
          </reporter-output>
        </test-method> <!-- initTestSetup -->
        <test-method is-config="true" signature="navigateToPage()[pri:0, instance:com.fnb.web.admin.tests.login.LoginScenarioTest@1e802ef9]" started-at="2023-11-06T16:20:14 ICT" name="navigateToPage" finished-at="2023-11-06T16:20:14 ICT" duration-ms="445" status="PASS">
          <reporter-output>
          </reporter-output>
        </test-method> <!-- navigateToPage -->
        <test-method signature="verifyTitleExist()[pri:1, instance:com.fnb.web.admin.tests.login.LoginScenarioTest@1e802ef9]" started-at="2023-11-06T16:20:14 ICT" name="verifyTitleExist" finished-at="2023-11-06T16:20:15 ICT" duration-ms="842" status="FAIL">
          <exception class="java.lang.AssertionError">
            <message>
              <![CDATA[Header is not match! expected [Login1] but found [Login]]]>
            </message>
            <full-stacktrace>
              <![CDATA[java.lang.AssertionError: Header is not match! expected [Login1] but found [Login]
at org.testng.Assert.fail(Assert.java:111)
at org.testng.Assert.failNotEquals(Assert.java:1578)
at org.testng.Assert.assertEqualsImpl(Assert.java:150)
at org.testng.Assert.assertEquals(Assert.java:132)
at org.testng.Assert.assertEquals(Assert.java:656)
at com.fnb.web.admin.tests.login.LoginScenarioTest.verifyTitleExist(LoginScenarioTest.java:25)
at java.base/jdk.internal.reflect.NativeMethodAccessorImpl.invoke0(Native Method)
at java.base/jdk.internal.reflect.NativeMethodAccessorImpl.invoke(NativeMethodAccessorImpl.java:77)
at java.base/jdk.internal.reflect.DelegatingMethodAccessorImpl.invoke(DelegatingMethodAccessorImpl.java:43)
at java.base/java.lang.reflect.Method.invoke(Method.java:568)
at org.testng.internal.invokers.MethodInvocationHelper.invokeMethod(MethodInvocationHelper.java:139)
at org.testng.internal.invokers.TestInvoker.invokeMethod(TestInvoker.java:664)
at org.testng.internal.invokers.TestInvoker.invokeTestMethod(TestInvoker.java:227)
at org.testng.internal.invokers.MethodRunner.runInSequence(MethodRunner.java:50)
at org.testng.internal.invokers.TestInvoker$MethodInvocationAgent.invoke(TestInvoker.java:957)
at org.testng.internal.invokers.TestInvoker.invokeTestMethods(TestInvoker.java:200)
at org.testng.internal.invokers.TestMethodWorker.invokeTestMethods(TestMethodWorker.java:148)
at org.testng.internal.invokers.TestMethodWorker.run(TestMethodWorker.java:128)
at java.base/java.util.ArrayList.forEach(ArrayList.java:1511)
at org.testng.TestRunner.privateRun(TestRunner.java:848)
at org.testng.TestRunner.run(TestRunner.java:621)
at org.testng.SuiteRunner.runTest(SuiteRunner.java:443)
at org.testng.SuiteRunner.runSequentially(SuiteRunner.java:437)
at org.testng.SuiteRunner.privateRun(SuiteRunner.java:397)
at org.testng.SuiteRunner.run(SuiteRunner.java:336)
at org.testng.SuiteRunnerWorker.runSuite(SuiteRunnerWorker.java:52)
at org.testng.SuiteRunnerWorker.run(SuiteRunnerWorker.java:95)
at org.testng.TestNG.runSuitesSequentially(TestNG.java:1280)
at org.testng.TestNG.runSuitesLocally(TestNG.java:1200)
at org.testng.TestNG.runSuites(TestNG.java:1114)
at org.testng.TestNG.run(TestNG.java:1082)
at com.intellij.rt.testng.IDEARemoteTestNG.run(IDEARemoteTestNG.java:66)
at com.intellij.rt.testng.RemoteTestNGStarter.main(RemoteTestNGStarter.java:109)
]]>
            </full-stacktrace>
          </exception> <!-- java.lang.AssertionError -->
          <reporter-output>
          </reporter-output>
        </test-method> <!-- verifyTitleExist -->
        <test-method is-config="true" signature="endSession()[pri:0, instance:com.fnb.web.admin.tests.login.LoginScenarioTest@1e802ef9]" started-at="2023-11-06T16:20:15 ICT" name="endSession" finished-at="2023-11-06T16:20:16 ICT" duration-ms="321" status="PASS">
          <reporter-output>
          </reporter-output>
        </test-method> <!-- endSession -->
        <test-method is-config="true" signature="tearDown()[pri:0, instance:com.fnb.web.admin.tests.login.LoginScenarioTest@1e802ef9]" started-at="2023-11-06T16:20:17 ICT" name="tearDown" finished-at="2023-11-06T16:20:17 ICT" duration-ms="223" status="PASS">
          <reporter-output>
          </reporter-output>
        </test-method> <!-- tearDown -->
      </class> <!-- com.fnb.web.admin.tests.login.LoginScenarioTest -->
      <class name="com.fnb.web.admin.tests.register.RegisterScenarioTest">
        <test-method is-config="true" signature="navigateToPage()[pri:0, instance:com.fnb.web.admin.tests.register.RegisterScenarioTest@5ccddd20]" started-at="2023-11-06T16:20:16 ICT" name="navigateToPage" finished-at="2023-11-06T16:20:16 ICT" duration-ms="339" status="PASS">
          <reporter-output>
          </reporter-output>
        </test-method> <!-- navigateToPage -->
        <test-method signature="verifyTitleExist()[pri:1, instance:com.fnb.web.admin.tests.register.RegisterScenarioTest@5ccddd20]" started-at="2023-11-06T16:20:16 ICT" name="verifyTitleExist" finished-at="2023-11-06T16:20:16 ICT" duration-ms="302" status="PASS">
          <reporter-output>
          </reporter-output>
        </test-method> <!-- verifyTitleExist -->
        <test-method is-config="true" signature="endSession()[pri:0, instance:com.fnb.web.admin.tests.register.RegisterScenarioTest@5ccddd20]" started-at="2023-11-06T16:20:16 ICT" name="endSession" finished-at="2023-11-06T16:20:17 ICT" duration-ms="263" status="PASS">
          <reporter-output>
          </reporter-output>
        </test-method> <!-- endSession -->
      </class> <!-- com.fnb.web.admin.tests.register.RegisterScenarioTest -->
    </test> <!-- test for a admin -->
    <test started-at="2023-11-06T16:20:17 ICT" name="test for a pos" finished-at="2023-11-06T16:20:24 ICT" duration-ms="7595">
      <class name="com.fnb.web.admin.tests.login.LoginScenarioTest">
        <test-method is-config="true" signature="beforeSuite()[pri:0, instance:com.fnb.web.admin.tests.login.LoginScenarioTest@3d680b5a]" started-at="2023-11-06T16:20:07 ICT" name="beforeSuite" finished-at="2023-11-06T16:20:07 ICT" duration-ms="24" status="PASS">
          <reporter-output>
          </reporter-output>
        </test-method> <!-- beforeSuite -->
        <test-method is-config="true" signature="initTestSetup(java.lang.String)[pri:0, instance:com.fnb.web.admin.tests.login.LoginScenarioTest@3d680b5a]" started-at="2023-11-06T16:20:17 ICT" name="initTestSetup" finished-at="2023-11-06T16:20:22 ICT" duration-ms="5462" status="PASS">
          <params>
            <param index="0">
              <value>
                <![CDATA[pos]]>
              </value>
            </param>
          </params>
          <reporter-output>
          </reporter-output>
        </test-method> <!-- initTestSetup -->
        <test-method is-config="true" signature="navigateToPage()[pri:0, instance:com.fnb.web.admin.tests.login.LoginScenarioTest@3d680b5a]" started-at="2023-11-06T16:20:22 ICT" name="navigateToPage" finished-at="2023-11-06T16:20:23 ICT" duration-ms="451" status="PASS">
          <reporter-output>
          </reporter-output>
        </test-method> <!-- navigateToPage -->
        <test-method signature="verifyTitleExist()[pri:1, instance:com.fnb.web.admin.tests.login.LoginScenarioTest@3d680b5a]" started-at="2023-11-06T16:20:23 ICT" name="verifyTitleExist" finished-at="2023-11-06T16:20:23 ICT" duration-ms="110" status="FAIL">
          <exception class="java.lang.AssertionError">
            <message>
              <![CDATA[Header is not match! expected [Login1] but found [Login]]]>
            </message>
            <full-stacktrace>
              <![CDATA[java.lang.AssertionError: Header is not match! expected [Login1] but found [Login]
at org.testng.Assert.fail(Assert.java:111)
at org.testng.Assert.failNotEquals(Assert.java:1578)
at org.testng.Assert.assertEqualsImpl(Assert.java:150)
at org.testng.Assert.assertEquals(Assert.java:132)
at org.testng.Assert.assertEquals(Assert.java:656)
at com.fnb.web.admin.tests.login.LoginScenarioTest.verifyTitleExist(LoginScenarioTest.java:25)
at java.base/jdk.internal.reflect.NativeMethodAccessorImpl.invoke0(Native Method)
at java.base/jdk.internal.reflect.NativeMethodAccessorImpl.invoke(NativeMethodAccessorImpl.java:77)
at java.base/jdk.internal.reflect.DelegatingMethodAccessorImpl.invoke(DelegatingMethodAccessorImpl.java:43)
at java.base/java.lang.reflect.Method.invoke(Method.java:568)
at org.testng.internal.invokers.MethodInvocationHelper.invokeMethod(MethodInvocationHelper.java:139)
at org.testng.internal.invokers.TestInvoker.invokeMethod(TestInvoker.java:664)
at org.testng.internal.invokers.TestInvoker.invokeTestMethod(TestInvoker.java:227)
at org.testng.internal.invokers.MethodRunner.runInSequence(MethodRunner.java:50)
at org.testng.internal.invokers.TestInvoker$MethodInvocationAgent.invoke(TestInvoker.java:957)
at org.testng.internal.invokers.TestInvoker.invokeTestMethods(TestInvoker.java:200)
at org.testng.internal.invokers.TestMethodWorker.invokeTestMethods(TestMethodWorker.java:148)
at org.testng.internal.invokers.TestMethodWorker.run(TestMethodWorker.java:128)
at java.base/java.util.ArrayList.forEach(ArrayList.java:1511)
at org.testng.TestRunner.privateRun(TestRunner.java:848)
at org.testng.TestRunner.run(TestRunner.java:621)
at org.testng.SuiteRunner.runTest(SuiteRunner.java:443)
at org.testng.SuiteRunner.runSequentially(SuiteRunner.java:437)
at org.testng.SuiteRunner.privateRun(SuiteRunner.java:397)
at org.testng.SuiteRunner.run(SuiteRunner.java:336)
at org.testng.SuiteRunnerWorker.runSuite(SuiteRunnerWorker.java:52)
at org.testng.SuiteRunnerWorker.run(SuiteRunnerWorker.java:95)
at org.testng.TestNG.runSuitesSequentially(TestNG.java:1280)
at org.testng.TestNG.runSuitesLocally(TestNG.java:1200)
at org.testng.TestNG.runSuites(TestNG.java:1114)
at org.testng.TestNG.run(TestNG.java:1082)
at com.intellij.rt.testng.IDEARemoteTestNG.run(IDEARemoteTestNG.java:66)
at com.intellij.rt.testng.RemoteTestNGStarter.main(RemoteTestNGStarter.java:109)
]]>
            </full-stacktrace>
          </exception> <!-- java.lang.AssertionError -->
          <reporter-output>
          </reporter-output>
        </test-method> <!-- verifyTitleExist -->
        <test-method is-config="true" signature="endSession()[pri:0, instance:com.fnb.web.admin.tests.login.LoginScenarioTest@3d680b5a]" started-at="2023-11-06T16:20:23 ICT" name="endSession" finished-at="2023-11-06T16:20:23 ICT" duration-ms="327" status="PASS">
          <reporter-output>
          </reporter-output>
        </test-method> <!-- endSession -->
        <test-method is-config="true" signature="tearDown()[pri:0, instance:com.fnb.web.admin.tests.login.LoginScenarioTest@3d680b5a]" started-at="2023-11-06T16:20:24 ICT" name="tearDown" finished-at="2023-11-06T16:20:24 ICT" duration-ms="246" status="PASS">
          <reporter-output>
          </reporter-output>
        </test-method> <!-- tearDown -->
      </class> <!-- com.fnb.web.admin.tests.login.LoginScenarioTest -->
      <class name="com.fnb.web.admin.tests.register.RegisterScenarioTest">
        <test-method is-config="true" signature="navigateToPage()[pri:0, instance:com.fnb.web.admin.tests.register.RegisterScenarioTest@4b5d6a01]" started-at="2023-11-06T16:20:23 ICT" name="navigateToPage" finished-at="2023-11-06T16:20:23 ICT" duration-ms="362" status="PASS">
          <reporter-output>
          </reporter-output>
        </test-method> <!-- navigateToPage -->
        <test-method signature="verifyTitleExist()[pri:1, instance:com.fnb.web.admin.tests.register.RegisterScenarioTest@4b5d6a01]" started-at="2023-11-06T16:20:23 ICT" name="verifyTitleExist" finished-at="2023-11-06T16:20:24 ICT" duration-ms="316" status="PASS">
          <reporter-output>
          </reporter-output>
        </test-method> <!-- verifyTitleExist -->
        <test-method is-config="true" signature="endSession()[pri:0, instance:com.fnb.web.admin.tests.register.RegisterScenarioTest@4b5d6a01]" started-at="2023-11-06T16:20:24 ICT" name="endSession" finished-at="2023-11-06T16:20:24 ICT" duration-ms="319" status="PASS">
          <reporter-output>
          </reporter-output>
        </test-method> <!-- endSession -->
      </class> <!-- com.fnb.web.admin.tests.register.RegisterScenarioTest -->
    </test> <!-- test for a pos -->
  </suite> <!-- All Test Suite -->
</testng-results>
